# JRE version: OpenJDK Runtime Environment Temurin-21.0.11+10 (21.0.11+10) (build 21.0.11+10-LTS)
# Java VM: OpenJDK 64-Bit Server VM Temurin-21.0.11+10 (21.0.11+10-LTS, mixed mode, sharing, tiered, compressed oops, compressed class ptrs, parallel gc, windows-amd64)
GC Precious Log:
 CardTable entry size: 512
 CPUs: 8 total, 8 available
 Memory: 7914M
 Large Page Support: Disabled
 NUMA Support: Disabled
 Compressed Oops: Enabled (32-bit)
 Alignments: Space 512K, Generation 512K, Heap 2M
 Heap Min Capacity: 100M
 Heap Initial Capacity: 100M
 Heap Max Capacity: 2G
 Pre-touch: Disabled
 Parallel Workers: 8
Heap:
 PSYoungGen      total 15872K, used 8663K [0x00000000d5580000, 0x00000000d7180000, 0x0000000100000000)
  eden space 12800K, 45% used [0x00000000d5580000,0x00000000d5b25cb0,0x00000000d6200000)
  from space 3072K, 93% used [0x00000000d6e80000,0x00000000d7150000,0x00000000d7180000)
  to   space 6144K, 0% used [0x00000000d6580000,0x00000000d6580000,0x00000000d6b80000)
 ParOldGen       total 1039872K, used 1039848K [0x0000000080000000, 0x00000000bf780000, 0x00000000d5580000)
  object space 1039872K, 99% used [0x0000000080000000,0x00000000bf77a010,0x00000000bf780000)
 Metaspace       used 89007K, committed 90944K, reserved 1179648K
  class space    used 9140K, committed 10048K, reserved 1048576K
GC Heap History (20 events):
Event: 5473.150 GC heap before
{Heap before GC invocations=1377 (full 4):
 PSYoungGen      total 20992K, used 20768K [0x00000000d5580000, 0x00000000d7d80000, 0x0000000100000000)
  eden space 19968K, 100% used [0x00000000d5580000,0x00000000d6900000,0x00000000d6900000)
  from space 1024K, 78% used [0x00000000d7c80000,0x00000000d7d48000,0x00000000d7d80000)
  to   space 1536K, 0% used [0x00000000d7a80000,0x00000000d7a80000,0x00000000d7c00000)
 ParOldGen       total 970240K, used 969862K [0x0000000080000000, 0x00000000bb380000, 0x00000000d5580000)
  object space 970240K, 99% used [0x0000000080000000,0x00000000bb321ac0,0x00000000bb380000)
 Metaspace       used 88665K, committed 90624K, reserved 1179648K
  class space    used 9133K, committed 10048K, reserved 1048576K
}
Event: 5473.154 GC heap after
{Heap after GC invocations=1377 (full 4):
 PSYoungGen      total 21504K, used 1069K [0x00000000d5580000, 0x00000000d7d00000, 0x0000000100000000)
  eden space 19968K, 0% used [0x00000000d5580000,0x00000000d5580000,0x00000000d6900000)
  from space 1536K, 69% used [0x00000000d7a80000,0x00000000d7b8b510,0x00000000d7c00000)
  to   space 1024K, 0% used [0x00000000d7c00000,0x00000000d7c00000,0x00000000d7d00000)
 ParOldGen       total 970752K, used 970508K [0x0000000080000000, 0x00000000bb400000, 0x00000000d5580000)
  object space 970752K, 99% used [0x0000000080000000,0x00000000bb3c31c8,0x00000000bb400000)
 Metaspace       used 88665K, committed 90624K, reserved 1179648K
  class space    used 9133K, committed 10048K, reserved 1048576K
}
Event: 5473.437 GC heap before
{Heap before GC invocations=1378 (full 4):
 PSYoungGen      total 21504K, used 21037K [0x00000000d5580000, 0x00000000d7d00000, 0x0000000100000000)
  eden space 19968K, 100% used [0x00000000d5580000,0x00000000d6900000,0x00000000d6900000)
  from space 1536K, 69% used [0x00000000d7a80000,0x00000000d7b8b510,0x00000000d7c00000)
  to   space 1024K, 0% used [0x00000000d7c00000,0x00000000d7c00000,0x00000000d7d00000)
 ParOldGen       total 970752K, used 970508K [0x0000000080000000, 0x00000000bb400000, 0x00000000d5580000)
  object space 970752K, 99% used [0x0000000080000000,0x00000000bb3c31c8,0x00000000bb400000)
 Metaspace       used 88703K, committed 90624K, reserved 1179648K
  class space    used 9133K, committed 10048K, reserved 1048576K
}
Event: 5473.444 GC heap after
{Heap after GC invocations=1378 (full 4):
 PSYoungGen      total 20992K, used 1024K [0x00000000d5580000, 0x00000000d7d00000, 0x0000000100000000)
  eden space 19968K, 0% used [0x00000000d5580000,0x00000000d5580000,0x00000000d6900000)
  from space 1024K, 100% used [0x00000000d7c00000,0x00000000d7d00000,0x00000000d7d00000)
  to   space 2560K, 0% used [0x00000000d7800000,0x00000000d7800000,0x00000000d7a80000)
 ParOldGen       total 971776K, used 971713K [0x0000000080000000, 0x00000000bb500000, 0x00000000d5580000)
  object space 971776K, 99% used [0x0000000080000000,0x00000000bb4f06e8,0x00000000bb500000)
 Metaspace       used 88703K, committed 90624K, reserved 1179648K
  class space    used 9133K, committed 10048K, reserved 1048576K
}
Event: 5473.628 GC heap before
{Heap before GC invocations=1379 (full 4):
 PSYoungGen      total 20992K, used 20992K [0x00000000d5580000, 0x00000000d7d00000, 0x0000000100000000)
  eden space 19968K, 100% used [0x00000000d5580000,0x00000000d6900000,0x00000000d6900000)
  from space 1024K, 100% used [0x00000000d7c00000,0x00000000d7d00000,0x00000000d7d00000)
  to   space 2560K, 0% used [0x00000000d7800000,0x00000000d7800000,0x00000000d7a80000)
 ParOldGen       total 971776K, used 971713K [0x0000000080000000, 0x00000000bb500000, 0x00000000d5580000)
  object space 971776K, 99% used [0x0000000080000000,0x00000000bb4f06e8,0x00000000bb500000)
 Metaspace       used 88732K, committed 90688K, reserved 1179648K
  class space    used 9134K, committed 10048K, reserved 1048576K
}
Event: 5473.634 GC heap after
{Heap after GC invocations=1379 (full 4):
 PSYoungGen      total 22528K, used 2544K [0x00000000d5580000, 0x00000000d7c80000, 0x0000000100000000)
  eden space 19968K, 0% used [0x00000000d5580000,0x00000000d5580000,0x00000000d6900000)
  from space 2560K, 99% used [0x00000000d7800000,0x00000000d7a7c1e8,0x00000000d7a80000)
  to   space 2048K, 0% used [0x00000000d7a80000,0x00000000d7a80000,0x00000000d7c80000)
 ParOldGen       total 972800K, used 972663K [0x0000000080000000, 0x00000000bb600000, 0x00000000d5580000)
  object space 972800K, 99% used [0x0000000080000000,0x00000000bb5dde38,0x00000000bb600000)
 Metaspace       used 88732K, committed 90688K, reserved 1179648K
  class space    used 9134K, committed 10048K, reserved 1048576K
}
Event: 5473.793 GC heap before
{Heap before GC invocations=1380 (full 4):
 PSYoungGen      total 22528K, used 22512K [0x00000000d5580000, 0x00000000d7c80000, 0x0000000100000000)
  eden space 19968K, 100% used [0x00000000d5580000,0x00000000d6900000,0x00000000d6900000)
  from space 2560K, 99% used [0x00000000d7800000,0x00000000d7a7c1e8,0x00000000d7a80000)
  to   space 2048K, 0% used [0x00000000d7a80000,0x00000000d7a80000,0x00000000d7c80000)
 ParOldGen       total 972800K, used 972663K [0x0000000080000000, 0x00000000bb600000, 0x00000000d5580000)
  object space 972800K, 99% used [0x0000000080000000,0x00000000bb5dde38,0x00000000bb600000)
 Metaspace       used 88762K, committed 90688K, reserved 1179648K
  class space    used 9134K, committed 10048K, reserved 1048576K
}
Event: 5473.798 GC heap after
{Heap after GC invocations=1380 (full 4):
 PSYoungGen      total 22016K, used 2045K [0x00000000d5580000, 0x00000000d7c80000, 0x0000000100000000)
  eden space 19968K, 0% used [0x00000000d5580000,0x00000000d5580000,0x00000000d6900000)
  from space 2048K, 99% used [0x00000000d7a80000,0x00000000d7c7f520,0x00000000d7c80000)
  to   space 6144K, 0% used [0x00000000d7080000,0x00000000d7080000,0x00000000d7680000)
 ParOldGen       total 976384K, used 975894K [0x0000000080000000, 0x00000000bb980000, 0x00000000d5580000)
  object space 976384K, 99% used [0x0000000080000000,0x00000000bb905ad0,0x00000000bb980000)
 Metaspace       used 88762K, committed 90688K, reserved 1179648K
  class space    used 9134K, committed 10048K, reserved 1048576K
}
Event: 5473.977 GC heap before
{Heap before GC invocations=1381 (full 4):
 PSYoungGen      total 22016K, used 22013K [0x00000000d5580000, 0x00000000d7c80000, 0x0000000100000000)
  eden space 19968K, 100% used [0x00000000d5580000,0x00000000d6900000,0x00000000d6900000)
  from space 2048K, 99% used [0x00000000d7a80000,0x00000000d7c7f520,0x00000000d7c80000)
  to   space 6144K, 0% used [0x00000000d7080000,0x00000000d7080000,0x00000000d7680000)
 ParOldGen       total 976384K, used 975894K [0x0000000080000000, 0x00000000bb980000, 0x00000000d5580000)
  object space 976384K, 99% used [0x0000000080000000,0x00000000bb905ad0,0x00000000bb980000)
 Metaspace       used 88764K, committed 90688K, reserved 1179648K
  class space    used 9134K, committed 10048K, reserved 1048576K
}
Event: 5473.984 GC heap after
{Heap after GC invocations=1381 (full 4):
 PSYoungGen      total 26112K, used 1424K [0x00000000d5580000, 0x00000000d7b00000, 0x0000000100000000)
  eden space 19968K, 0% used [0x00000000d5580000,0x00000000d5580000,0x00000000d6900000)
  from space 6144K, 23% used [0x00000000d7080000,0x00000000d71e4050,0x00000000d7680000)
  to   space 3072K, 0% used [0x00000000d7800000,0x00000000d7800000,0x00000000d7b00000)
 ParOldGen       total 978432K, used 977952K [0x0000000080000000, 0x00000000bbb80000, 0x00000000d5580000)
  object space 978432K, 99% used [0x0000000080000000,0x00000000bbb08140,0x00000000bbb80000)
 Metaspace       used 88764K, committed 90688K, reserved 1179648K
  class space    used 9134K, committed 10048K, reserved 1048576K
}
Event: 5474.180 GC heap before
{Heap before GC invocations=1382 (full 4):
 PSYoungGen      total 26112K, used 21392K [0x00000000d5580000, 0x00000000d7b00000, 0x0000000100000000)
  eden space 19968K, 100% used [0x00000000d5580000,0x00000000d6900000,0x00000000d6900000)
  from space 6144K, 23% used [0x00000000d7080000,0x00000000d71e4050,0x00000000d7680000)
  to   space 3072K, 0% used [0x00000000d7800000,0x00000000d7800000,0x00000000d7b00000)
 ParOldGen       total 978432K, used 977952K [0x0000000080000000, 0x00000000bbb80000, 0x00000000d5580000)
  object space 978432K, 99% used [0x0000000080000000,0x00000000bbb08140,0x00000000bbb80000)
 Metaspace       used 88807K, committed 90752K, reserved 1179648K
  class space    used 9134K, committed 10048K, reserved 1048576K
}
Event: 5474.187 GC heap after
{Heap after GC invocations=1382 (full 4):
 PSYoungGen      total 23040K, used 2736K [0x00000000d5580000, 0x00000000d7b00000, 0x0000000100000000)
  eden space 19968K, 0% used [0x00000000d5580000,0x00000000d5580000,0x00000000d6900000)
  from space 3072K, 89% used [0x00000000d7800000,0x00000000d7aac1c8,0x00000000d7b00000)
  to   space 3072K, 0% used [0x00000000d7500000,0x00000000d7500000,0x00000000d7800000)
 ParOldGen       total 979456K, used 979157K [0x0000000080000000, 0x00000000bbc80000, 0x00000000d5580000)
  object space 979456K, 99% used [0x0000000080000000,0x00000000bbc35720,0x00000000bbc80000)
 Metaspace       used 88807K, committed 90752K, reserved 1179648K
  class space    used 9134K, committed 10048K, reserved 1048576K
}
Event: 5474.497 GC heap before
{Heap before GC invocations=1383 (full 4):
 PSYoungGen      total 23040K, used 22704K [0x00000000d5580000, 0x00000000d7b00000, 0x0000000100000000)
  eden space 19968K, 100% used [0x00000000d5580000,0x00000000d6900000,0x00000000d6900000)
  from space 3072K, 89% used [0x00000000d7800000,0x00000000d7aac1c8,0x00000000d7b00000)
  to   space 3072K, 0% used [0x00000000d7500000,0x00000000d7500000,0x00000000d7800000)
 ParOldGen       total 979456K, used 979157K [0x0000000080000000, 0x00000000bbc80000, 0x00000000d5580000)
  object space 979456K, 99% used [0x0000000080000000,0x00000000bbc35720,0x00000000bbc80000)
 Metaspace       used 88950K, committed 90880K, reserved 1179648K
  class space    used 9137K, committed 10048K, reserved 1048576K
}
Event: 5474.507 GC heap after
{Heap after GC invocations=1383 (full 4):
 PSYoungGen      total 23040K, used 3040K [0x00000000d5580000, 0x00000000d7880000, 0x0000000100000000)
  eden space 19968K, 0% used [0x00000000d5580000,0x00000000d5580000,0x00000000d6900000)
  from space 3072K, 98% used [0x00000000d7500000,0x00000000d77f8000,0x00000000d7800000)
  to   space 512K, 0% used [0x00000000d7800000,0x00000000d7800000,0x00000000d7880000)
 ParOldGen       total 981504K, used 981183K [0x0000000080000000, 0x00000000bbe80000, 0x00000000d5580000)
  object space 981504K, 99% used [0x0000000080000000,0x00000000bbe2fd70,0x00000000bbe80000)
 Metaspace       used 88950K, committed 90880K, reserved 1179648K
  class space    used 9137K, committed 10048K, reserved 1048576K
}
Event: 5475.650 GC heap before
{Heap before GC invocations=1384 (full 4):
 PSYoungGen      total 23040K, used 22978K [0x00000000d5580000, 0x00000000d7880000, 0x0000000100000000)
  eden space 19968K, 99% used [0x00000000d5580000,0x00000000d68f8a50,0x00000000d6900000)
  from space 3072K, 98% used [0x00000000d7500000,0x00000000d77f8000,0x00000000d7800000)
  to   space 512K, 0% used [0x00000000d7800000,0x00000000d7800000,0x00000000d7880000)
 ParOldGen       total 981504K, used 981183K [0x0000000080000000, 0x00000000bbe80000, 0x00000000d5580000)
  object space 981504K, 99% used [0x0000000080000000,0x00000000bbe2fd70,0x00000000bbe80000)
 Metaspace       used 88955K, committed 90880K, reserved 1179648K
  class space    used 9137K, committed 10048K, reserved 1048576K
}
Event: 5475.688 GC heap after
{Heap after GC invocations=1384 (full 4):
 PSYoungGen      total 13312K, used 512K [0x00000000d5580000, 0x00000000d9500000, 0x0000000100000000)
  eden space 12800K, 0% used [0x00000000d5580000,0x00000000d5580000,0x00000000d6200000)
  from space 512K, 100% used [0x00000000d7800000,0x00000000d7880000,0x00000000d7880000)
  to   space 22528K, 0% used [0x00000000d6200000,0x00000000d6200000,0x00000000d7800000)
 ParOldGen       total 999936K, used 999933K [0x0000000080000000, 0x00000000bd080000, 0x00000000d5580000)
  object space 999936K, 99% used [0x0000000080000000,0x00000000bd07f6e8,0x00000000bd080000)
 Metaspace       used 88955K, committed 90880K, reserved 1179648K
  class space    used 9137K, committed 10048K, reserved 1048576K
}
Event: 5475.869 GC heap before
{Heap before GC invocations=1385 (full 4):
 PSYoungGen      total 13312K, used 13312K [0x00000000d5580000, 0x00000000d9500000, 0x0000000100000000)
  eden space 12800K, 100% used [0x00000000d5580000,0x00000000d6200000,0x00000000d6200000)
  from space 512K, 100% used [0x00000000d7800000,0x00000000d7880000,0x00000000d7880000)
  to   space 22528K, 0% used [0x00000000d6200000,0x00000000d6200000,0x00000000d7800000)
 ParOldGen       total 999936K, used 999933K [0x0000000080000000, 0x00000000bd080000, 0x00000000d5580000)
  object space 999936K, 99% used [0x0000000080000000,0x00000000bd07f6e8,0x00000000bd080000)
 Metaspace       used 88955K, committed 90880K, reserved 1179648K
  class space    used 9137K, committed 10048K, reserved 1048576K
}
Event: 5475.983 GC heap after
{Heap after GC invocations=1385 (full 4):
 PSYoungGen      total 21504K, used 8687K [0x00000000d5580000, 0x00000000d7b00000, 0x0000000100000000)
  eden space 12800K, 0% used [0x00000000d5580000,0x00000000d5580000,0x00000000d6200000)
  from space 8704K, 99% used [0x00000000d6200000,0x00000000d6a7bf80,0x00000000d6a80000)
  to   space 12800K, 0% used [0x00000000d6e80000,0x00000000d6e80000,0x00000000d7b00000)
 ParOldGen       total 1000960K, used 1000456K [0x0000000080000000, 0x00000000bd180000, 0x00000000d5580000)
  object space 1000960K, 99% used [0x0000000080000000,0x00000000bd102060,0x00000000bd180000)
 Metaspace       used 88955K, committed 90880K, reserved 1179648K
  class space    used 9137K, committed 10048K, reserved 1048576K
}
Event: 5481.167 GC heap before
{Heap before GC invocations=1386 (full 4):
 PSYoungGen      total 21504K, used 21487K [0x00000000d5580000, 0x00000000d7b00000, 0x0000000100000000)
  eden space 12800K, 100% used [0x00000000d5580000,0x00000000d6200000,0x00000000d6200000)
  from space 8704K, 99% used [0x00000000d6200000,0x00000000d6a7bf80,0x00000000d6a80000)
  to   space 12800K, 0% used [0x00000000d6e80000,0x00000000d6e80000,0x00000000d7b00000)
 ParOldGen       total 1032704K, used 1031176K [0x0000000080000000, 0x00000000bf080000, 0x00000000d5580000)
  object space 1032704K, 99% used [0x0000000080000000,0x00000000bef02090,0x00000000bf080000)
 Metaspace       used 88983K, committed 90880K, reserved 1179648K
  class space    used 9138K, committed 10048K, reserved 1048576K
}
Event: 5481.177 GC heap after
{Heap after GC invocations=1386 (full 4):
 PSYoungGen      total 15872K, used 2880K [0x00000000d5580000, 0x00000000d7180000, 0x0000000100000000)
  eden space 12800K, 0% used [0x00000000d5580000,0x00000000d5580000,0x00000000d6200000)
  from space 3072K, 93% used [0x00000000d6e80000,0x00000000d7150000,0x00000000d7180000)
  to   space 6144K, 0% used [0x00000000d6580000,0x00000000d6580000,0x00000000d6b80000)
 ParOldGen       total 1039872K, used 1039848K [0x0000000080000000, 0x00000000bf780000, 0x00000000d5580000)
  object space 1039872K, 99% used [0x0000000080000000,0x00000000bf77a010,0x00000000bf780000)
 Metaspace       used 88983K, committed 90880K, reserved 1179648K
  class space    used 9138K, committed 10048K, reserved 1048576K
}

